C:\USERS\SHAURIN DESAI\DOCUMENTS\VISUAL STUDIO 2012\PROJECTS\GAZEDECTECT\GAZEDECTECT\DEBUG\GAZEDECTECT.PCH
C:\USERS\SHAURIN DESAI\DOCUMENTS\VISUAL STUDIO 2012\PROJECTS\GAZEDECTECT\GAZEDECTECT\DEBUG\STDAFX.OBJ
C:\USERS\SHAURIN DESAI\DOCUMENTS\VISUAL STUDIO 2012\PROJECTS\GAZEDECTECT\GAZEDECTECT\DEBUG\VC110.PDB
C:\USERS\SHAURIN DESAI\DOCUMENTS\VISUAL STUDIO 2012\PROJECTS\GAZEDECTECT\GAZEDECTECT\DEBUG\GAZEDECTECT.OBJ
C:\USERS\SHAURIN DESAI\DOCUMENTS\VISUAL STUDIO 2012\PROJECTS\GAZEDECTECT\DEBUG\GAZEDECTECT.ILK
C:\USERS\SHAURIN DESAI\DOCUMENTS\VISUAL STUDIO 2012\PROJECTS\GAZEDECTECT\DEBUG\GAZEDECTECT.EXE
C:\USERS\SHAURIN DESAI\DOCUMENTS\VISUAL STUDIO 2012\PROJECTS\GAZEDECTECT\DEBUG\GAZEDECTECT.PDB
C:\Users\Shaurin Desai\Documents\Visual Studio 2012\Projects\GazeDectect\GazeDectect\Debug\GazeDectect.obj
C:\Users\Shaurin Desai\Documents\Visual Studio 2012\Projects\GazeDectect\GazeDectect\Debug\stdafx.obj
C:\Users\Shaurin Desai\Documents\Visual Studio 2012\Projects\GazeDectect\GazeDectect\Debug\cl.command.1.tlog
C:\Users\Shaurin Desai\Documents\Visual Studio 2012\Projects\GazeDectect\GazeDectect\Debug\CL.read.1.tlog
C:\Users\Shaurin Desai\Documents\Visual Studio 2012\Projects\GazeDectect\GazeDectect\Debug\CL.write.1.tlog
C:\Users\Shaurin Desai\Documents\Visual Studio 2012\Projects\GazeDectect\GazeDectect\Debug\link-cvtres.read.1.tlog
C:\Users\Shaurin Desai\Documents\Visual Studio 2012\Projects\GazeDectect\GazeDectect\Debug\link-cvtres.write.1.tlog
C:\Users\Shaurin Desai\Documents\Visual Studio 2012\Projects\GazeDectect\GazeDectect\Debug\link-rc.read.1.tlog
C:\Users\Shaurin Desai\Documents\Visual Studio 2012\Projects\GazeDectect\GazeDectect\Debug\link-rc.write.1.tlog
C:\Users\Shaurin Desai\Documents\Visual Studio 2012\Projects\GazeDectect\GazeDectect\Debug\link.1168-cvtres.read.1.tlog
C:\Users\Shaurin Desai\Documents\Visual Studio 2012\Projects\GazeDectect\GazeDectect\Debug\link.1168-cvtres.write.1.tlog
C:\Users\Shaurin Desai\Documents\Visual Studio 2012\Projects\GazeDectect\GazeDectect\Debug\link.1168-rc.read.1.tlog
C:\Users\Shaurin Desai\Documents\Visual Studio 2012\Projects\GazeDectect\GazeDectect\Debug\link.1168-rc.write.1.tlog
C:\Users\Shaurin Desai\Documents\Visual Studio 2012\Projects\GazeDectect\GazeDectect\Debug\link.1168.read.1.tlog
C:\Users\Shaurin Desai\Documents\Visual Studio 2012\Projects\GazeDectect\GazeDectect\Debug\link.1168.write.1.tlog
C:\Users\Shaurin Desai\Documents\Visual Studio 2012\Projects\GazeDectect\GazeDectect\Debug\link.1264-cvtres.read.1.tlog
C:\Users\Shaurin Desai\Documents\Visual Studio 2012\Projects\GazeDectect\GazeDectect\Debug\link.1264-cvtres.write.1.tlog
C:\Users\Shaurin Desai\Documents\Visual Studio 2012\Projects\GazeDectect\GazeDectect\Debug\link.1264-rc.read.1.tlog
C:\Users\Shaurin Desai\Documents\Visual Studio 2012\Projects\GazeDectect\GazeDectect\Debug\link.1264-rc.write.1.tlog
C:\Users\Shaurin Desai\Documents\Visual Studio 2012\Projects\GazeDectect\GazeDectect\Debug\link.1264.read.1.tlog
C:\Users\Shaurin Desai\Documents\Visual Studio 2012\Projects\GazeDectect\GazeDectect\Debug\link.1264.write.1.tlog
C:\Users\Shaurin Desai\Documents\Visual Studio 2012\Projects\GazeDectect\GazeDectect\Debug\link.1524-cvtres.read.1.tlog
C:\Users\Shaurin Desai\Documents\Visual Studio 2012\Projects\GazeDectect\GazeDectect\Debug\link.1524-cvtres.write.1.tlog
C:\Users\Shaurin Desai\Documents\Visual Studio 2012\Projects\GazeDectect\GazeDectect\Debug\link.1524-rc.read.1.tlog
C:\Users\Shaurin Desai\Documents\Visual Studio 2012\Projects\GazeDectect\GazeDectect\Debug\link.1524-rc.write.1.tlog
C:\Users\Shaurin Desai\Documents\Visual Studio 2012\Projects\GazeDectect\GazeDectect\Debug\link.1524.read.1.tlog
C:\Users\Shaurin Desai\Documents\Visual Studio 2012\Projects\GazeDectect\GazeDectect\Debug\link.1524.write.1.tlog
C:\Users\Shaurin Desai\Documents\Visual Studio 2012\Projects\GazeDectect\GazeDectect\Debug\link.1780-cvtres.read.1.tlog
C:\Users\Shaurin Desai\Documents\Visual Studio 2012\Projects\GazeDectect\GazeDectect\Debug\link.1780-cvtres.write.1.tlog
C:\Users\Shaurin Desai\Documents\Visual Studio 2012\Projects\GazeDectect\GazeDectect\Debug\link.1780-rc.read.1.tlog
C:\Users\Shaurin Desai\Documents\Visual Studio 2012\Projects\GazeDectect\GazeDectect\Debug\link.1780-rc.write.1.tlog
C:\Users\Shaurin Desai\Documents\Visual Studio 2012\Projects\GazeDectect\GazeDectect\Debug\link.1780.read.1.tlog
C:\Users\Shaurin Desai\Documents\Visual Studio 2012\Projects\GazeDectect\GazeDectect\Debug\link.1780.write.1.tlog
C:\Users\Shaurin Desai\Documents\Visual Studio 2012\Projects\GazeDectect\GazeDectect\Debug\link.1928-cvtres.read.1.tlog
C:\Users\Shaurin Desai\Documents\Visual Studio 2012\Projects\GazeDectect\GazeDectect\Debug\link.1928-cvtres.write.1.tlog
C:\Users\Shaurin Desai\Documents\Visual Studio 2012\Projects\GazeDectect\GazeDectect\Debug\link.1928-rc.read.1.tlog
C:\Users\Shaurin Desai\Documents\Visual Studio 2012\Projects\GazeDectect\GazeDectect\Debug\link.1928-rc.write.1.tlog
C:\Users\Shaurin Desai\Documents\Visual Studio 2012\Projects\GazeDectect\GazeDectect\Debug\link.1928.read.1.tlog
C:\Users\Shaurin Desai\Documents\Visual Studio 2012\Projects\GazeDectect\GazeDectect\Debug\link.1928.write.1.tlog
C:\Users\Shaurin Desai\Documents\Visual Studio 2012\Projects\GazeDectect\GazeDectect\Debug\link.2516-cvtres.read.1.tlog
C:\Users\Shaurin Desai\Documents\Visual Studio 2012\Projects\GazeDectect\GazeDectect\Debug\link.2516-cvtres.write.1.tlog
C:\Users\Shaurin Desai\Documents\Visual Studio 2012\Projects\GazeDectect\GazeDectect\Debug\link.2516-rc.read.1.tlog
C:\Users\Shaurin Desai\Documents\Visual Studio 2012\Projects\GazeDectect\GazeDectect\Debug\link.2516-rc.write.1.tlog
C:\Users\Shaurin Desai\Documents\Visual Studio 2012\Projects\GazeDectect\GazeDectect\Debug\link.2516.read.1.tlog
C:\Users\Shaurin Desai\Documents\Visual Studio 2012\Projects\GazeDectect\GazeDectect\Debug\link.2516.write.1.tlog
C:\Users\Shaurin Desai\Documents\Visual Studio 2012\Projects\GazeDectect\GazeDectect\Debug\link.2892-cvtres.read.1.tlog
C:\Users\Shaurin Desai\Documents\Visual Studio 2012\Projects\GazeDectect\GazeDectect\Debug\link.2892-cvtres.write.1.tlog
C:\Users\Shaurin Desai\Documents\Visual Studio 2012\Projects\GazeDectect\GazeDectect\Debug\link.2892-rc.read.1.tlog
C:\Users\Shaurin Desai\Documents\Visual Studio 2012\Projects\GazeDectect\GazeDectect\Debug\link.2892-rc.write.1.tlog
C:\Users\Shaurin Desai\Documents\Visual Studio 2012\Projects\GazeDectect\GazeDectect\Debug\link.2892.read.1.tlog
C:\Users\Shaurin Desai\Documents\Visual Studio 2012\Projects\GazeDectect\GazeDectect\Debug\link.2892.write.1.tlog
C:\Users\Shaurin Desai\Documents\Visual Studio 2012\Projects\GazeDectect\GazeDectect\Debug\link.3012-cvtres.read.1.tlog
C:\Users\Shaurin Desai\Documents\Visual Studio 2012\Projects\GazeDectect\GazeDectect\Debug\link.3012-cvtres.write.1.tlog
C:\Users\Shaurin Desai\Documents\Visual Studio 2012\Projects\GazeDectect\GazeDectect\Debug\link.3012-rc.read.1.tlog
C:\Users\Shaurin Desai\Documents\Visual Studio 2012\Projects\GazeDectect\GazeDectect\Debug\link.3012-rc.write.1.tlog
C:\Users\Shaurin Desai\Documents\Visual Studio 2012\Projects\GazeDectect\GazeDectect\Debug\link.3012.read.1.tlog
C:\Users\Shaurin Desai\Documents\Visual Studio 2012\Projects\GazeDectect\GazeDectect\Debug\link.3012.write.1.tlog
C:\Users\Shaurin Desai\Documents\Visual Studio 2012\Projects\GazeDectect\GazeDectect\Debug\link.3380-cvtres.read.1.tlog
C:\Users\Shaurin Desai\Documents\Visual Studio 2012\Projects\GazeDectect\GazeDectect\Debug\link.3380-cvtres.write.1.tlog
C:\Users\Shaurin Desai\Documents\Visual Studio 2012\Projects\GazeDectect\GazeDectect\Debug\link.3380-rc.read.1.tlog
C:\Users\Shaurin Desai\Documents\Visual Studio 2012\Projects\GazeDectect\GazeDectect\Debug\link.3380-rc.write.1.tlog
C:\Users\Shaurin Desai\Documents\Visual Studio 2012\Projects\GazeDectect\GazeDectect\Debug\link.3380.read.1.tlog
C:\Users\Shaurin Desai\Documents\Visual Studio 2012\Projects\GazeDectect\GazeDectect\Debug\link.3380.write.1.tlog
C:\Users\Shaurin Desai\Documents\Visual Studio 2012\Projects\GazeDectect\GazeDectect\Debug\link.3616-cvtres.read.1.tlog
C:\Users\Shaurin Desai\Documents\Visual Studio 2012\Projects\GazeDectect\GazeDectect\Debug\link.3616-cvtres.write.1.tlog
C:\Users\Shaurin Desai\Documents\Visual Studio 2012\Projects\GazeDectect\GazeDectect\Debug\link.3616-rc.read.1.tlog
C:\Users\Shaurin Desai\Documents\Visual Studio 2012\Projects\GazeDectect\GazeDectect\Debug\link.3616-rc.write.1.tlog
C:\Users\Shaurin Desai\Documents\Visual Studio 2012\Projects\GazeDectect\GazeDectect\Debug\link.3616.read.1.tlog
C:\Users\Shaurin Desai\Documents\Visual Studio 2012\Projects\GazeDectect\GazeDectect\Debug\link.3616.write.1.tlog
C:\Users\Shaurin Desai\Documents\Visual Studio 2012\Projects\GazeDectect\GazeDectect\Debug\link.3836-cvtres.read.1.tlog
C:\Users\Shaurin Desai\Documents\Visual Studio 2012\Projects\GazeDectect\GazeDectect\Debug\link.3836-cvtres.write.1.tlog
C:\Users\Shaurin Desai\Documents\Visual Studio 2012\Projects\GazeDectect\GazeDectect\Debug\link.3836-rc.read.1.tlog
C:\Users\Shaurin Desai\Documents\Visual Studio 2012\Projects\GazeDectect\GazeDectect\Debug\link.3836-rc.write.1.tlog
C:\Users\Shaurin Desai\Documents\Visual Studio 2012\Projects\GazeDectect\GazeDectect\Debug\link.3836.read.1.tlog
C:\Users\Shaurin Desai\Documents\Visual Studio 2012\Projects\GazeDectect\GazeDectect\Debug\link.3836.write.1.tlog
C:\Users\Shaurin Desai\Documents\Visual Studio 2012\Projects\GazeDectect\GazeDectect\Debug\link.4000-cvtres.read.1.tlog
C:\Users\Shaurin Desai\Documents\Visual Studio 2012\Projects\GazeDectect\GazeDectect\Debug\link.4000-cvtres.write.1.tlog
C:\Users\Shaurin Desai\Documents\Visual Studio 2012\Projects\GazeDectect\GazeDectect\Debug\link.4000-rc.read.1.tlog
C:\Users\Shaurin Desai\Documents\Visual Studio 2012\Projects\GazeDectect\GazeDectect\Debug\link.4000-rc.write.1.tlog
C:\Users\Shaurin Desai\Documents\Visual Studio 2012\Projects\GazeDectect\GazeDectect\Debug\link.4000.read.1.tlog
C:\Users\Shaurin Desai\Documents\Visual Studio 2012\Projects\GazeDectect\GazeDectect\Debug\link.4000.write.1.tlog
C:\Users\Shaurin Desai\Documents\Visual Studio 2012\Projects\GazeDectect\GazeDectect\Debug\link.4028-cvtres.read.1.tlog
C:\Users\Shaurin Desai\Documents\Visual Studio 2012\Projects\GazeDectect\GazeDectect\Debug\link.4028-cvtres.write.1.tlog
C:\Users\Shaurin Desai\Documents\Visual Studio 2012\Projects\GazeDectect\GazeDectect\Debug\link.4028-rc.read.1.tlog
C:\Users\Shaurin Desai\Documents\Visual Studio 2012\Projects\GazeDectect\GazeDectect\Debug\link.4028-rc.write.1.tlog
C:\Users\Shaurin Desai\Documents\Visual Studio 2012\Projects\GazeDectect\GazeDectect\Debug\link.4028.read.1.tlog
C:\Users\Shaurin Desai\Documents\Visual Studio 2012\Projects\GazeDectect\GazeDectect\Debug\link.4028.write.1.tlog
C:\Users\Shaurin Desai\Documents\Visual Studio 2012\Projects\GazeDectect\GazeDectect\Debug\link.4068-cvtres.read.1.tlog
C:\Users\Shaurin Desai\Documents\Visual Studio 2012\Projects\GazeDectect\GazeDectect\Debug\link.4068-cvtres.write.1.tlog
C:\Users\Shaurin Desai\Documents\Visual Studio 2012\Projects\GazeDectect\GazeDectect\Debug\link.4068-rc.read.1.tlog
C:\Users\Shaurin Desai\Documents\Visual Studio 2012\Projects\GazeDectect\GazeDectect\Debug\link.4068-rc.write.1.tlog
C:\Users\Shaurin Desai\Documents\Visual Studio 2012\Projects\GazeDectect\GazeDectect\Debug\link.4068.read.1.tlog
C:\Users\Shaurin Desai\Documents\Visual Studio 2012\Projects\GazeDectect\GazeDectect\Debug\link.4068.write.1.tlog
C:\Users\Shaurin Desai\Documents\Visual Studio 2012\Projects\GazeDectect\GazeDectect\Debug\link.4240-cvtres.read.1.tlog
C:\Users\Shaurin Desai\Documents\Visual Studio 2012\Projects\GazeDectect\GazeDectect\Debug\link.4240-cvtres.write.1.tlog
C:\Users\Shaurin Desai\Documents\Visual Studio 2012\Projects\GazeDectect\GazeDectect\Debug\link.4240-rc.read.1.tlog
C:\Users\Shaurin Desai\Documents\Visual Studio 2012\Projects\GazeDectect\GazeDectect\Debug\link.4240-rc.write.1.tlog
C:\Users\Shaurin Desai\Documents\Visual Studio 2012\Projects\GazeDectect\GazeDectect\Debug\link.4240.read.1.tlog
C:\Users\Shaurin Desai\Documents\Visual Studio 2012\Projects\GazeDectect\GazeDectect\Debug\link.4240.write.1.tlog
C:\Users\Shaurin Desai\Documents\Visual Studio 2012\Projects\GazeDectect\GazeDectect\Debug\link.4452-cvtres.read.1.tlog
C:\Users\Shaurin Desai\Documents\Visual Studio 2012\Projects\GazeDectect\GazeDectect\Debug\link.4452-cvtres.write.1.tlog
C:\Users\Shaurin Desai\Documents\Visual Studio 2012\Projects\GazeDectect\GazeDectect\Debug\link.4452-rc.read.1.tlog
C:\Users\Shaurin Desai\Documents\Visual Studio 2012\Projects\GazeDectect\GazeDectect\Debug\link.4452-rc.write.1.tlog
C:\Users\Shaurin Desai\Documents\Visual Studio 2012\Projects\GazeDectect\GazeDectect\Debug\link.4452.read.1.tlog
C:\Users\Shaurin Desai\Documents\Visual Studio 2012\Projects\GazeDectect\GazeDectect\Debug\link.4452.write.1.tlog
C:\Users\Shaurin Desai\Documents\Visual Studio 2012\Projects\GazeDectect\GazeDectect\Debug\link.4480-cvtres.read.1.tlog
C:\Users\Shaurin Desai\Documents\Visual Studio 2012\Projects\GazeDectect\GazeDectect\Debug\link.4480-cvtres.write.1.tlog
C:\Users\Shaurin Desai\Documents\Visual Studio 2012\Projects\GazeDectect\GazeDectect\Debug\link.4480-rc.read.1.tlog
C:\Users\Shaurin Desai\Documents\Visual Studio 2012\Projects\GazeDectect\GazeDectect\Debug\link.4480-rc.write.1.tlog
C:\Users\Shaurin Desai\Documents\Visual Studio 2012\Projects\GazeDectect\GazeDectect\Debug\link.4480.read.1.tlog
C:\Users\Shaurin Desai\Documents\Visual Studio 2012\Projects\GazeDectect\GazeDectect\Debug\link.4480.write.1.tlog
C:\Users\Shaurin Desai\Documents\Visual Studio 2012\Projects\GazeDectect\GazeDectect\Debug\link.4604-cvtres.read.1.tlog
C:\Users\Shaurin Desai\Documents\Visual Studio 2012\Projects\GazeDectect\GazeDectect\Debug\link.4604-cvtres.write.1.tlog
C:\Users\Shaurin Desai\Documents\Visual Studio 2012\Projects\GazeDectect\GazeDectect\Debug\link.4604-rc.read.1.tlog
C:\Users\Shaurin Desai\Documents\Visual Studio 2012\Projects\GazeDectect\GazeDectect\Debug\link.4604-rc.write.1.tlog
C:\Users\Shaurin Desai\Documents\Visual Studio 2012\Projects\GazeDectect\GazeDectect\Debug\link.4604.read.1.tlog
C:\Users\Shaurin Desai\Documents\Visual Studio 2012\Projects\GazeDectect\GazeDectect\Debug\link.4604.write.1.tlog
C:\Users\Shaurin Desai\Documents\Visual Studio 2012\Projects\GazeDectect\GazeDectect\Debug\link.4636-cvtres.read.1.tlog
C:\Users\Shaurin Desai\Documents\Visual Studio 2012\Projects\GazeDectect\GazeDectect\Debug\link.4636-cvtres.write.1.tlog
C:\Users\Shaurin Desai\Documents\Visual Studio 2012\Projects\GazeDectect\GazeDectect\Debug\link.4636-rc.read.1.tlog
C:\Users\Shaurin Desai\Documents\Visual Studio 2012\Projects\GazeDectect\GazeDectect\Debug\link.4636-rc.write.1.tlog
C:\Users\Shaurin Desai\Documents\Visual Studio 2012\Projects\GazeDectect\GazeDectect\Debug\link.4636.read.1.tlog
C:\Users\Shaurin Desai\Documents\Visual Studio 2012\Projects\GazeDectect\GazeDectect\Debug\link.4636.write.1.tlog
C:\Users\Shaurin Desai\Documents\Visual Studio 2012\Projects\GazeDectect\GazeDectect\Debug\link.4752-cvtres.read.1.tlog
C:\Users\Shaurin Desai\Documents\Visual Studio 2012\Projects\GazeDectect\GazeDectect\Debug\link.4752-cvtres.write.1.tlog
C:\Users\Shaurin Desai\Documents\Visual Studio 2012\Projects\GazeDectect\GazeDectect\Debug\link.4752-rc.read.1.tlog
C:\Users\Shaurin Desai\Documents\Visual Studio 2012\Projects\GazeDectect\GazeDectect\Debug\link.4752-rc.write.1.tlog
C:\Users\Shaurin Desai\Documents\Visual Studio 2012\Projects\GazeDectect\GazeDectect\Debug\link.4752.read.1.tlog
C:\Users\Shaurin Desai\Documents\Visual Studio 2012\Projects\GazeDectect\GazeDectect\Debug\link.4752.write.1.tlog
C:\Users\Shaurin Desai\Documents\Visual Studio 2012\Projects\GazeDectect\GazeDectect\Debug\link.5076-cvtres.read.1.tlog
C:\Users\Shaurin Desai\Documents\Visual Studio 2012\Projects\GazeDectect\GazeDectect\Debug\link.5076-cvtres.write.1.tlog
C:\Users\Shaurin Desai\Documents\Visual Studio 2012\Projects\GazeDectect\GazeDectect\Debug\link.5076-rc.read.1.tlog
C:\Users\Shaurin Desai\Documents\Visual Studio 2012\Projects\GazeDectect\GazeDectect\Debug\link.5076-rc.write.1.tlog
C:\Users\Shaurin Desai\Documents\Visual Studio 2012\Projects\GazeDectect\GazeDectect\Debug\link.5076.read.1.tlog
C:\Users\Shaurin Desai\Documents\Visual Studio 2012\Projects\GazeDectect\GazeDectect\Debug\link.5076.write.1.tlog
C:\Users\Shaurin Desai\Documents\Visual Studio 2012\Projects\GazeDectect\GazeDectect\Debug\link.5232-cvtres.read.1.tlog
C:\Users\Shaurin Desai\Documents\Visual Studio 2012\Projects\GazeDectect\GazeDectect\Debug\link.5232-cvtres.write.1.tlog
C:\Users\Shaurin Desai\Documents\Visual Studio 2012\Projects\GazeDectect\GazeDectect\Debug\link.5232-rc.read.1.tlog
C:\Users\Shaurin Desai\Documents\Visual Studio 2012\Projects\GazeDectect\GazeDectect\Debug\link.5232-rc.write.1.tlog
C:\Users\Shaurin Desai\Documents\Visual Studio 2012\Projects\GazeDectect\GazeDectect\Debug\link.5232.read.1.tlog
C:\Users\Shaurin Desai\Documents\Visual Studio 2012\Projects\GazeDectect\GazeDectect\Debug\link.5232.write.1.tlog
C:\Users\Shaurin Desai\Documents\Visual Studio 2012\Projects\GazeDectect\GazeDectect\Debug\link.5428-cvtres.read.1.tlog
C:\Users\Shaurin Desai\Documents\Visual Studio 2012\Projects\GazeDectect\GazeDectect\Debug\link.5428-cvtres.write.1.tlog
C:\Users\Shaurin Desai\Documents\Visual Studio 2012\Projects\GazeDectect\GazeDectect\Debug\link.5428-rc.read.1.tlog
C:\Users\Shaurin Desai\Documents\Visual Studio 2012\Projects\GazeDectect\GazeDectect\Debug\link.5428-rc.write.1.tlog
C:\Users\Shaurin Desai\Documents\Visual Studio 2012\Projects\GazeDectect\GazeDectect\Debug\link.5428.read.1.tlog
C:\Users\Shaurin Desai\Documents\Visual Studio 2012\Projects\GazeDectect\GazeDectect\Debug\link.5428.write.1.tlog
C:\Users\Shaurin Desai\Documents\Visual Studio 2012\Projects\GazeDectect\GazeDectect\Debug\link.5492-cvtres.read.1.tlog
C:\Users\Shaurin Desai\Documents\Visual Studio 2012\Projects\GazeDectect\GazeDectect\Debug\link.5492-cvtres.write.1.tlog
C:\Users\Shaurin Desai\Documents\Visual Studio 2012\Projects\GazeDectect\GazeDectect\Debug\link.5492-rc.read.1.tlog
C:\Users\Shaurin Desai\Documents\Visual Studio 2012\Projects\GazeDectect\GazeDectect\Debug\link.5492-rc.write.1.tlog
C:\Users\Shaurin Desai\Documents\Visual Studio 2012\Projects\GazeDectect\GazeDectect\Debug\link.5492.read.1.tlog
C:\Users\Shaurin Desai\Documents\Visual Studio 2012\Projects\GazeDectect\GazeDectect\Debug\link.5492.write.1.tlog
C:\Users\Shaurin Desai\Documents\Visual Studio 2012\Projects\GazeDectect\GazeDectect\Debug\link.5560-cvtres.read.1.tlog
C:\Users\Shaurin Desai\Documents\Visual Studio 2012\Projects\GazeDectect\GazeDectect\Debug\link.5560-cvtres.write.1.tlog
C:\Users\Shaurin Desai\Documents\Visual Studio 2012\Projects\GazeDectect\GazeDectect\Debug\link.5560-rc.read.1.tlog
C:\Users\Shaurin Desai\Documents\Visual Studio 2012\Projects\GazeDectect\GazeDectect\Debug\link.5560-rc.write.1.tlog
C:\Users\Shaurin Desai\Documents\Visual Studio 2012\Projects\GazeDectect\GazeDectect\Debug\link.5560.read.1.tlog
C:\Users\Shaurin Desai\Documents\Visual Studio 2012\Projects\GazeDectect\GazeDectect\Debug\link.5560.write.1.tlog
C:\Users\Shaurin Desai\Documents\Visual Studio 2012\Projects\GazeDectect\GazeDectect\Debug\link.5836-cvtres.read.1.tlog
C:\Users\Shaurin Desai\Documents\Visual Studio 2012\Projects\GazeDectect\GazeDectect\Debug\link.5836-cvtres.write.1.tlog
C:\Users\Shaurin Desai\Documents\Visual Studio 2012\Projects\GazeDectect\GazeDectect\Debug\link.5836-rc.read.1.tlog
C:\Users\Shaurin Desai\Documents\Visual Studio 2012\Projects\GazeDectect\GazeDectect\Debug\link.5836-rc.write.1.tlog
C:\Users\Shaurin Desai\Documents\Visual Studio 2012\Projects\GazeDectect\GazeDectect\Debug\link.5836.read.1.tlog
C:\Users\Shaurin Desai\Documents\Visual Studio 2012\Projects\GazeDectect\GazeDectect\Debug\link.5836.write.1.tlog
C:\Users\Shaurin Desai\Documents\Visual Studio 2012\Projects\GazeDectect\GazeDectect\Debug\link.6120-cvtres.read.1.tlog
C:\Users\Shaurin Desai\Documents\Visual Studio 2012\Projects\GazeDectect\GazeDectect\Debug\link.6120-cvtres.write.1.tlog
C:\Users\Shaurin Desai\Documents\Visual Studio 2012\Projects\GazeDectect\GazeDectect\Debug\link.6120-rc.read.1.tlog
C:\Users\Shaurin Desai\Documents\Visual Studio 2012\Projects\GazeDectect\GazeDectect\Debug\link.6120-rc.write.1.tlog
C:\Users\Shaurin Desai\Documents\Visual Studio 2012\Projects\GazeDectect\GazeDectect\Debug\link.6120.read.1.tlog
C:\Users\Shaurin Desai\Documents\Visual Studio 2012\Projects\GazeDectect\GazeDectect\Debug\link.6120.write.1.tlog
C:\Users\Shaurin Desai\Documents\Visual Studio 2012\Projects\GazeDectect\GazeDectect\Debug\link.6148-cvtres.read.1.tlog
C:\Users\Shaurin Desai\Documents\Visual Studio 2012\Projects\GazeDectect\GazeDectect\Debug\link.6148-cvtres.write.1.tlog
C:\Users\Shaurin Desai\Documents\Visual Studio 2012\Projects\GazeDectect\GazeDectect\Debug\link.6148-rc.read.1.tlog
C:\Users\Shaurin Desai\Documents\Visual Studio 2012\Projects\GazeDectect\GazeDectect\Debug\link.6148-rc.write.1.tlog
C:\Users\Shaurin Desai\Documents\Visual Studio 2012\Projects\GazeDectect\GazeDectect\Debug\link.6148.read.1.tlog
C:\Users\Shaurin Desai\Documents\Visual Studio 2012\Projects\GazeDectect\GazeDectect\Debug\link.6148.write.1.tlog
C:\Users\Shaurin Desai\Documents\Visual Studio 2012\Projects\GazeDectect\GazeDectect\Debug\link.6544-cvtres.read.1.tlog
C:\Users\Shaurin Desai\Documents\Visual Studio 2012\Projects\GazeDectect\GazeDectect\Debug\link.6544-cvtres.write.1.tlog
C:\Users\Shaurin Desai\Documents\Visual Studio 2012\Projects\GazeDectect\GazeDectect\Debug\link.6544-rc.read.1.tlog
C:\Users\Shaurin Desai\Documents\Visual Studio 2012\Projects\GazeDectect\GazeDectect\Debug\link.6544-rc.write.1.tlog
C:\Users\Shaurin Desai\Documents\Visual Studio 2012\Projects\GazeDectect\GazeDectect\Debug\link.6544.read.1.tlog
C:\Users\Shaurin Desai\Documents\Visual Studio 2012\Projects\GazeDectect\GazeDectect\Debug\link.6544.write.1.tlog
C:\Users\Shaurin Desai\Documents\Visual Studio 2012\Projects\GazeDectect\GazeDectect\Debug\link.6692-cvtres.read.1.tlog
C:\Users\Shaurin Desai\Documents\Visual Studio 2012\Projects\GazeDectect\GazeDectect\Debug\link.6692-cvtres.write.1.tlog
C:\Users\Shaurin Desai\Documents\Visual Studio 2012\Projects\GazeDectect\GazeDectect\Debug\link.6692-rc.read.1.tlog
C:\Users\Shaurin Desai\Documents\Visual Studio 2012\Projects\GazeDectect\GazeDectect\Debug\link.6692-rc.write.1.tlog
C:\Users\Shaurin Desai\Documents\Visual Studio 2012\Projects\GazeDectect\GazeDectect\Debug\link.6692.read.1.tlog
C:\Users\Shaurin Desai\Documents\Visual Studio 2012\Projects\GazeDectect\GazeDectect\Debug\link.6692.write.1.tlog
C:\Users\Shaurin Desai\Documents\Visual Studio 2012\Projects\GazeDectect\GazeDectect\Debug\link.6728-cvtres.read.1.tlog
C:\Users\Shaurin Desai\Documents\Visual Studio 2012\Projects\GazeDectect\GazeDectect\Debug\link.6728-cvtres.write.1.tlog
C:\Users\Shaurin Desai\Documents\Visual Studio 2012\Projects\GazeDectect\GazeDectect\Debug\link.6728-rc.read.1.tlog
C:\Users\Shaurin Desai\Documents\Visual Studio 2012\Projects\GazeDectect\GazeDectect\Debug\link.6728-rc.write.1.tlog
C:\Users\Shaurin Desai\Documents\Visual Studio 2012\Projects\GazeDectect\GazeDectect\Debug\link.6728.read.1.tlog
C:\Users\Shaurin Desai\Documents\Visual Studio 2012\Projects\GazeDectect\GazeDectect\Debug\link.6728.write.1.tlog
C:\Users\Shaurin Desai\Documents\Visual Studio 2012\Projects\GazeDectect\GazeDectect\Debug\link.6752-cvtres.read.1.tlog
C:\Users\Shaurin Desai\Documents\Visual Studio 2012\Projects\GazeDectect\GazeDectect\Debug\link.6752-cvtres.write.1.tlog
C:\Users\Shaurin Desai\Documents\Visual Studio 2012\Projects\GazeDectect\GazeDectect\Debug\link.6752-rc.read.1.tlog
C:\Users\Shaurin Desai\Documents\Visual Studio 2012\Projects\GazeDectect\GazeDectect\Debug\link.6752-rc.write.1.tlog
C:\Users\Shaurin Desai\Documents\Visual Studio 2012\Projects\GazeDectect\GazeDectect\Debug\link.6752.read.1.tlog
C:\Users\Shaurin Desai\Documents\Visual Studio 2012\Projects\GazeDectect\GazeDectect\Debug\link.6752.write.1.tlog
C:\Users\Shaurin Desai\Documents\Visual Studio 2012\Projects\GazeDectect\GazeDectect\Debug\link.7080-cvtres.read.1.tlog
C:\Users\Shaurin Desai\Documents\Visual Studio 2012\Projects\GazeDectect\GazeDectect\Debug\link.7080-cvtres.write.1.tlog
C:\Users\Shaurin Desai\Documents\Visual Studio 2012\Projects\GazeDectect\GazeDectect\Debug\link.7080-rc.read.1.tlog
C:\Users\Shaurin Desai\Documents\Visual Studio 2012\Projects\GazeDectect\GazeDectect\Debug\link.7080-rc.write.1.tlog
C:\Users\Shaurin Desai\Documents\Visual Studio 2012\Projects\GazeDectect\GazeDectect\Debug\link.7080.read.1.tlog
C:\Users\Shaurin Desai\Documents\Visual Studio 2012\Projects\GazeDectect\GazeDectect\Debug\link.7080.write.1.tlog
C:\Users\Shaurin Desai\Documents\Visual Studio 2012\Projects\GazeDectect\GazeDectect\Debug\link.command.1.tlog
C:\Users\Shaurin Desai\Documents\Visual Studio 2012\Projects\GazeDectect\GazeDectect\Debug\link.read.1.tlog
C:\Users\Shaurin Desai\Documents\Visual Studio 2012\Projects\GazeDectect\GazeDectect\Debug\link.write.1.tlog
C:\Users\Shaurin Desai\Documents\Visual Studio 2012\Projects\GazeDectect\GazeDectect\Debug\GazeDectect.pch
C:\Users\Shaurin Desai\Documents\Visual Studio 2012\Projects\GazeDectect\GazeDectect\Debug\vc110.idb
C:\Users\Shaurin Desai\Documents\Visual Studio 2012\Projects\GazeDectect\GazeDectect\Debug\vc110.pdb
C:\Users\Shaurin Desai\Documents\Visual Studio 2012\Projects\GazeDectect\Debug\GazeDectect.pdb
C:\Users\Shaurin Desai\Documents\Visual Studio 2012\Projects\GazeDectect\Debug\GazeDectect.exe
C:\Users\Shaurin Desai\Documents\Visual Studio 2012\Projects\GazeDectect\Debug\GazeDectect.ilk
