C:\USERS\SAMUEL\DOCUMENTS\VISUAL STUDIO 2012\PROJECTS\GAZE\GAZE\DEBUG\GAZE.PCH
C:\USERS\SAMUEL\DOCUMENTS\VISUAL STUDIO 2012\PROJECTS\GAZE\GAZE\DEBUG\STDAFX.OBJ
C:\USERS\SAMUEL\DOCUMENTS\VISUAL STUDIO 2012\PROJECTS\GAZE\GAZE\DEBUG\VC110.PDB
C:\USERS\SAMUEL\DOCUMENTS\VISUAL STUDIO 2012\PROJECTS\GAZE\GAZE\DEBUG\GAZE.OBJ
C:\USERS\SAMUEL\DOCUMENTS\VISUAL STUDIO 2012\PROJECTS\GAZE\DEBUG\GAZE.ILK
C:\USERS\SAMUEL\DOCUMENTS\VISUAL STUDIO 2012\PROJECTS\GAZE\DEBUG\GAZE.EXE
C:\USERS\SAMUEL\DOCUMENTS\VISUAL STUDIO 2012\PROJECTS\GAZE\DEBUG\GAZE.PDB
c:\Users\Samuel\documents\visual studio 2012\Projects\Gaze\Gaze\Debug\stdafx.obj
c:\Users\Samuel\documents\visual studio 2012\Projects\Gaze\Gaze\Debug\cl.command.1.tlog
c:\Users\Samuel\documents\visual studio 2012\Projects\Gaze\Gaze\Debug\CL.read.1.tlog
c:\Users\Samuel\documents\visual studio 2012\Projects\Gaze\Gaze\Debug\CL.write.1.tlog
c:\Users\Samuel\documents\visual studio 2012\Projects\Gaze\Gaze\Debug\link-cvtres.read.1.tlog
c:\Users\Samuel\documents\visual studio 2012\Projects\Gaze\Gaze\Debug\link-cvtres.write.1.tlog
c:\Users\Samuel\documents\visual studio 2012\Projects\Gaze\Gaze\Debug\link-rc.read.1.tlog
c:\Users\Samuel\documents\visual studio 2012\Projects\Gaze\Gaze\Debug\link-rc.write.1.tlog
c:\Users\Samuel\documents\visual studio 2012\Projects\Gaze\Gaze\Debug\link.2720-cvtres.read.1.tlog
c:\Users\Samuel\documents\visual studio 2012\Projects\Gaze\Gaze\Debug\link.2720-cvtres.write.1.tlog
c:\Users\Samuel\documents\visual studio 2012\Projects\Gaze\Gaze\Debug\link.2720-rc.read.1.tlog
c:\Users\Samuel\documents\visual studio 2012\Projects\Gaze\Gaze\Debug\link.2720-rc.write.1.tlog
c:\Users\Samuel\documents\visual studio 2012\Projects\Gaze\Gaze\Debug\link.2720.read.1.tlog
c:\Users\Samuel\documents\visual studio 2012\Projects\Gaze\Gaze\Debug\link.2720.write.1.tlog
c:\Users\Samuel\documents\visual studio 2012\Projects\Gaze\Gaze\Debug\link.command.1.tlog
c:\Users\Samuel\documents\visual studio 2012\Projects\Gaze\Gaze\Debug\link.read.1.tlog
c:\Users\Samuel\documents\visual studio 2012\Projects\Gaze\Gaze\Debug\link.write.1.tlog
c:\Users\Samuel\documents\visual studio 2012\Projects\Gaze\Gaze\Debug\Gaze.pch
c:\Users\Samuel\documents\visual studio 2012\Projects\Gaze\Gaze\Debug\vc110.idb
c:\Users\Samuel\documents\visual studio 2012\Projects\Gaze\Gaze\Debug\vc110.pdb
c:\users\samuel\documents\visual studio 2012\Projects\Gaze\Debug\Gaze.pdb
c:\users\samuel\documents\visual studio 2012\Projects\Gaze\Debug\Gaze.exe
c:\users\samuel\documents\visual studio 2012\Projects\Gaze\Debug\Gaze.ilk
