C:\USERS\SHAURIN DESAI\DOCUMENTS\VISUAL STUDIO 2012\PROJECTS\GAZEDETECTION\GAZEDETECTION\RELEASE\GAZEDETECTION.PCH
C:\USERS\SHAURIN DESAI\DOCUMENTS\VISUAL STUDIO 2012\PROJECTS\GAZEDETECTION\GAZEDETECTION\RELEASE\STDAFX.OBJ
C:\USERS\SHAURIN DESAI\DOCUMENTS\VISUAL STUDIO 2012\PROJECTS\GAZEDETECTION\GAZEDETECTION\RELEASE\VC110.PDB
C:\USERS\SHAURIN DESAI\DOCUMENTS\VISUAL STUDIO 2012\PROJECTS\GAZEDETECTION\GAZEDETECTION\RELEASE\MAIN.OBJ
C:\USERS\SHAURIN DESAI\DOCUMENTS\VISUAL STUDIO 2012\PROJECTS\GAZEDETECTION\GAZEDETECTION\RELEASE\FACETRACKING.OBJ
C:\USERS\SHAURIN DESAI\DOCUMENTS\VISUAL STUDIO 2012\PROJECTS\GAZEDETECTION\RELEASE\GAZEDETECTION.EXE
C:\USERS\SHAURIN DESAI\DOCUMENTS\VISUAL STUDIO 2012\PROJECTS\GAZEDETECTION\RELEASE\GAZEDETECTION.PDB
C:\Users\Shaurin Desai\Documents\Visual Studio 2012\Projects\GazeDetection\GazeDetection\Release\FaceTracking.obj
C:\Users\Shaurin Desai\Documents\Visual Studio 2012\Projects\GazeDetection\GazeDetection\Release\main.obj
C:\Users\Shaurin Desai\Documents\Visual Studio 2012\Projects\GazeDetection\GazeDetection\Release\stdafx.obj
C:\Users\Shaurin Desai\Documents\Visual Studio 2012\Projects\GazeDetection\GazeDetection\Release\cl.command.1.tlog
C:\Users\Shaurin Desai\Documents\Visual Studio 2012\Projects\GazeDetection\GazeDetection\Release\CL.read.1.tlog
C:\Users\Shaurin Desai\Documents\Visual Studio 2012\Projects\GazeDetection\GazeDetection\Release\CL.write.1.tlog
C:\Users\Shaurin Desai\Documents\Visual Studio 2012\Projects\GazeDetection\GazeDetection\Release\link-cvtres.read.1.tlog
C:\Users\Shaurin Desai\Documents\Visual Studio 2012\Projects\GazeDetection\GazeDetection\Release\link-cvtres.write.1.tlog
C:\Users\Shaurin Desai\Documents\Visual Studio 2012\Projects\GazeDetection\GazeDetection\Release\link-rc.read.1.tlog
C:\Users\Shaurin Desai\Documents\Visual Studio 2012\Projects\GazeDetection\GazeDetection\Release\link-rc.write.1.tlog
C:\Users\Shaurin Desai\Documents\Visual Studio 2012\Projects\GazeDetection\GazeDetection\Release\link.command.1.tlog
C:\Users\Shaurin Desai\Documents\Visual Studio 2012\Projects\GazeDetection\GazeDetection\Release\link.read.1.tlog
C:\Users\Shaurin Desai\Documents\Visual Studio 2012\Projects\GazeDetection\GazeDetection\Release\link.write.1.tlog
C:\Users\Shaurin Desai\Documents\Visual Studio 2012\Projects\GazeDetection\GazeDetection\Release\GazeDetection.pch
C:\Users\Shaurin Desai\Documents\Visual Studio 2012\Projects\GazeDetection\GazeDetection\Release\vc110.pdb
C:\Users\Shaurin Desai\Documents\Visual Studio 2012\Projects\GazeDetection\Release\GazeDetection.pdb
C:\Users\Shaurin Desai\Documents\Visual Studio 2012\Projects\GazeDetection\Release\GazeDetection.exe
